<!DOCTYPE html PUBLIC "-//W3C//DTD XHTML 1.1//EN" "https://www.w3.org/TR/xhtml11/DTD/xhtml11.dtd">
<html xmlns="https://www.w3.org/1999/xhtml">
<head>
<meta http-equiv="content-type" content="text/html; charset=UTF-8"/>
<title>TestNG Report</title>
<style type="text/css">table {margin-bottom:10px;border-collapse:collapse;empty-cells:show}th,td {border:1px solid #009;padding:.25em .5em}th {vertical-align:bottom}td {vertical-align:top}table a {font-weight:bold}.stripe td {background-color: #E6EBF9}.num {text-align:right}.passedodd td {background-color: #3F3}.passedeven td {background-color: #0A0}.skippedodd td {background-color: #DDD}.skippedeven td {background-color: #CCC}.failedodd td,.attn {background-color: #F33}.failedeven td,.stripe .attn {background-color: #D00}.stacktrace {white-space:pre;font-family:monospace}.totop {font-size:85%;text-align:center;border-bottom:2px solid #000}.invisible {display:none}</style>
</head>
<body>
<table>
<tr><th>Test</th><th># Passed</th><th># Skipped</th><th># Retried</th><th># Failed</th><th>Time (ms)</th><th>Included Groups</th><th>Excluded Groups</th></tr>
<tr><th colspan="8">ListenerExecution</th></tr>
<tr><td><a href="#t0">ExecutingListeners</a></td><td class="num">2</td><td class="num attn">1</td><td class="num">0</td><td class="num attn">3</td><td class="num">61,697</td><td></td><td></td></tr>
</table>
<table id='summary'><thead><tr><th>Class</th><th>Method</th><th>Start</th><th>Time (ms)</th></tr></thead><tbody><tr><th colspan="4">ListenerExecution</th></tr></tbody><tbody id="t0"><tr><th colspan="4">ExecutingListeners &#8212; failed</th></tr><tr class="failedeven"><td rowspan="1">Day4.TestNGAssertsExample</td><td><a href="#m0">OpenBrowser</a></td><td rowspan="1">1671596858292</td><td rowspan="1">42371</td></tr><tr class="failedodd"><td rowspan="2">Day6.HomePageTest</td><td><a href="#m1">AccountTest</a></td><td rowspan="1">1671596860074</td><td rowspan="1">0</td></tr><tr class="failedodd"><td><a href="#m2">OpenBrowser</a></td><td rowspan="1">1671596878074</td><td rowspan="1">12251</td></tr><tr><th colspan="4">ExecutingListeners &#8212; skipped</th></tr><tr class="skippedeven"><td rowspan="1">Day6.HomePageTest</td><td><a href="#m3">SkipTest</a></td><td rowspan="1">1671596891342</td><td rowspan="1">1</td></tr><tr><th colspan="4">ExecutingListeners &#8212; passed</th></tr><tr class="passedeven"><td rowspan="1">Day4.TestNGAssertsExample</td><td><a href="#m4">CloseBrowser</a></td><td rowspan="1">1671596901479</td><td rowspan="1">16182</td></tr><tr class="passedodd"><td rowspan="1">Day6.HomePageTest</td><td><a href="#m5">CloseBrowser</a></td><td rowspan="1">1671596860945</td><td rowspan="1">16241</td></tr></tbody>
</table>
<h2>ExecutingListeners</h2><h3 id="m0">Day4.TestNGAssertsExample#OpenBrowser</h3><table class="result"><tr><th>Messages</th></tr><tr><td><div class="messages">This test verifies the current selenium compatibility with TestNG by launching the chrome driver<br/>Launching Google Chrome Driver version 81 for this test</div></td></tr><tr><th>Exception</th></tr><tr><td><div class="stacktrace">org.openqa.selenium.WebDriverException: unknown error: net::ERR_CONNECTION_TIMED_OUT
  (Session info: chrome=108.0.5359.125)
Build info: version: &apos;4.7.1&apos;, revision: &apos;c6795baf1a3&apos;
System info: os.name: &apos;Windows 11&apos;, os.arch: &apos;amd64&apos;, os.version: &apos;10.0&apos;, java.version: &apos;11.0.16&apos;
Driver info: org.openqa.selenium.chrome.ChromeDriver
Command: [21e40de78d6f5ee0300a8cb14ab376c8, get {url=https://demoqa.com/}]
Capabilities {acceptInsecureCerts: false, browserName: chrome, browserVersion: 108.0.5359.125, chrome: {chromedriverVersion: 107.0.5304.62 (1eec40d3a576..., userDataDir: C:\Users\shubh\AppData\Loca...}, goog:chromeOptions: {debuggerAddress: localhost:52520}, networkConnectionEnabled: false, pageLoadStrategy: normal, platformName: WINDOWS, proxy: Proxy(), se:cdp: ws://localhost:52520/devtoo..., se:cdpVersion: 108.0.5359.125, setWindowRect: true, strictFileInteractability: false, timeouts: {implicit: 0, pageLoad: 300000, script: 30000}, unhandledPromptBehavior: dismiss and notify, webauthn:extension:credBlob: true, webauthn:extension:largeBlob: true, webauthn:virtualAuthenticators: true}
Session ID: 21e40de78d6f5ee0300a8cb14ab376c8
	at org.openqa.selenium.remote.codec.w3c.W3CHttpResponseCodec.createException(W3CHttpResponseCodec.java:200)
	at org.openqa.selenium.remote.codec.w3c.W3CHttpResponseCodec.decode(W3CHttpResponseCodec.java:133)
	at org.openqa.selenium.remote.codec.w3c.W3CHttpResponseCodec.decode(W3CHttpResponseCodec.java:53)
	at org.openqa.selenium.remote.HttpCommandExecutor.execute(HttpCommandExecutor.java:184)
	at org.openqa.selenium.remote.service.DriverCommandExecutor.invokeExecute(DriverCommandExecutor.java:167)
	at org.openqa.selenium.remote.service.DriverCommandExecutor.execute(DriverCommandExecutor.java:142)
	at org.openqa.selenium.remote.RemoteWebDriver.execute(RemoteWebDriver.java:551)
	at org.openqa.selenium.remote.RemoteWebDriver.get(RemoteWebDriver.java:312)
	at Day4.TestNGAssertsExample.OpenBrowser(TestNGAssertsExample.java:35)
	at java.base/java.util.concurrent.ThreadPoolExecutor.runWorker(ThreadPoolExecutor.java:1128)
	at java.base/java.util.concurrent.ThreadPoolExecutor$Worker.run(ThreadPoolExecutor.java:628)
	at java.base/java.lang.Thread.run(Thread.java:834)
... Removed 16 stack frames</div></td></tr></table><p class="totop"><a href="#summary">back to summary</a></p>
<h3 id="m1">Day6.HomePageTest#AccountTest</h3><table class="result"><tr><th>Exception</th></tr><tr><td><div class="stacktrace">java.lang.AssertionError: expected [0] but found [1]
	at Day6.HomePageTest.AccountTest(HomePageTest.java:43)
	at java.base/java.util.concurrent.ThreadPoolExecutor.runWorker(ThreadPoolExecutor.java:1128)
	at java.base/java.util.concurrent.ThreadPoolExecutor$Worker.run(ThreadPoolExecutor.java:628)
	at java.base/java.lang.Thread.run(Thread.java:834)
... Removed 18 stack frames</div></td></tr></table><p class="totop"><a href="#summary">back to summary</a></p>
<h3 id="m2">Day6.HomePageTest#OpenBrowser</h3><table class="result"><tr><th>Exception</th></tr><tr><td><div class="stacktrace">java.lang.AssertionError: Titles of the website do not match expected [Demo Guru99 page] but found [Demo Guru99 Page]
	at Day6.HomePageTest.OpenBrowser(HomePageTest.java:36)
	at java.base/java.util.concurrent.ThreadPoolExecutor.runWorker(ThreadPoolExecutor.java:1128)
	at java.base/java.util.concurrent.ThreadPoolExecutor$Worker.run(ThreadPoolExecutor.java:628)
	at java.base/java.lang.Thread.run(Thread.java:834)
... Removed 17 stack frames</div></td></tr></table><p class="totop"><a href="#summary">back to summary</a></p>
<h3 id="m3">Day6.HomePageTest#SkipTest</h3><table class="result"><tr><th>Exception</th></tr><tr><td><div class="stacktrace">org.testng.SkipException: Skipping The Test Method 
	at Day6.HomePageTest.SkipTest(HomePageTest.java:49)
	at java.base/java.util.concurrent.ThreadPoolExecutor.runWorker(ThreadPoolExecutor.java:1128)
	at java.base/java.util.concurrent.ThreadPoolExecutor$Worker.run(ThreadPoolExecutor.java:628)
	at java.base/java.lang.Thread.run(Thread.java:834)
... Removed 12 stack frames</div></td></tr></table><p class="totop"><a href="#summary">back to summary</a></p>
<h3 id="m4">Day4.TestNGAssertsExample#CloseBrowser</h3><table class="result"><tr><th>Messages</th></tr><tr><td><div class="messages">Driver Closed After Testing</div></td></tr></table><p class="totop"><a href="#summary">back to summary</a></p>
<h3 id="m5">Day6.HomePageTest#CloseBrowser</h3><table class="result"><tr><th>Messages</th></tr><tr><td><div class="messages">Driver Closed After Testing</div></td></tr></table><p class="totop"><a href="#summary">back to summary</a></p>
</body>
</html>
